<?xml version="1.0" encoding="UTF-8"?><testsuite errors="1" failures="0" name="Salud" skipped="0" tests="1" time="97.7" timestamp="2022-01-05 03:30:21"><testcase name="RDA salud visa exitoso"><error message="Timed out after 20 seconds. Element not found&#10;For documentation on this error, please visit: https://www.seleniumhq.org/exceptions/no_such_element.html&#10;Build info: version: '3.141.59', revision: 'e82be7d358', time: '2018-11-14T08:17:03'&#10;System info: host: 'LPLMRAMIREZT1', ip: '10.65.174.59', os.name: 'Windows 10', os.arch: 'amd64', os.version: '10.0', java.version: '1.8.0_281'&#10;Driver info: driver.version: unknown&#10;For documentation on this error, please visit: https://www.seleniumhq.org/exceptions/no_such_element.html&#10;Build info: version: '3.141.59', revision: 'e82be7d358', time: '2018-11-14T08:17:03'&#10;System info: host: 'LPLMRAMIREZT1', ip: '10.65.174.59', os.name: 'Windows 10', os.arch: 'amd64', os.version: '10.0', java.version: '1.8.0_281'&#10;Driver info: driver.version: unknown" type="org.openqa.selenium.NoSuchElementException">Timed out after 20 seconds. Element not found
For documentation on this error, please visit: https://www.seleniumhq.org/exceptions/no_such_element.html
Build info: version: '3.141.59', revision: 'e82be7d358', time: '2018-11-14T08:17:03'
System info: host: 'LPLMRAMIREZT1', ip: '10.65.174.59', os.name: 'Windows 10', os.arch: 'amd64', os.version: '10.0', java.version: '1.8.0_281'
Driver info: driver.version: unknown
For documentation on this error, please visit: https://www.seleniumhq.org/exceptions/no_such_element.html
Build info: version: '3.141.59', revision: 'e82be7d358', time: '2018-11-14T08:17:03'
System info: host: 'LPLMRAMIREZT1', ip: '10.65.174.59', os.name: 'Windows 10', os.arch: 'amd64', os.version: '10.0', java.version: '1.8.0_281'
Driver info: driver.version: unknown</error><system-err>Timed out after 20 seconds. Element not found
For documentation on this error, please visit: https://www.seleniumhq.org/exceptions/no_such_element.html
Build info: version: '3.141.59', revision: 'e82be7d358', time: '2018-11-14T08:17:03'
System info: host: 'LPLMRAMIREZT1', ip: '10.65.174.59', os.name: 'Windows 10', os.arch: 'amd64', os.version: '10.0', java.version: '1.8.0_281'
Driver info: driver.version: unknown
For documentation on this error, please visit: https://www.seleniumhq.org/exceptions/no_such_element.html
Build info: version: '3.141.59', revision: 'e82be7d358', time: '2018-11-14T08:17:03'
System info: host: 'LPLMRAMIREZT1', ip: '10.65.174.59', os.name: 'Windows 10', os.arch: 'amd64', os.version: '10.0', java.version: '1.8.0_281'
Driver info: driver.version: unknown&#13;
com.AXA.ProyectoPortalDePagos.pageobjects.RegistroDebitoAutomatico.RDASaludPageObjects.SeleccionTarjetaCredito(RDASaludPageObjects.java:122)&#13;
com.AXA.ProyectoPortalDePagos.steps.RegistroDebitoAutomatico.RDASaludSteps.SeleccionTarjetaCredito(RDASaludSteps.java:48)&#13;
com.AXA.ProyectoPortalDePagos.definitions.RegistroDebitoAutomatico.RDASaludDefinition.selecciono_producto_de_tarjeta_de_Credito(RDASaludDefinition.java:52)&#13;
✽.Selecciono producto de tarjeta de Credito(src/test/resources/features/RegistroDebitoAutomatico/RDASalud.feature:82)&#13;
</system-err></testcase></testsuite>