<?xml version="1.0" encoding="UTF-8"?><testsuite errors="0" failures="1" name="Medicina Prepagada" skipped="0" tests="1" time="51.21" timestamp="2022-03-14 06:06:37"><testcase name="MPP PSE exitoso debito"><failure message="Expected enabled element was not enabled&#10;Build info: version: '3.141.59', revision: 'e82be7d358', time: '2018-11-14T08:17:03'&#10;System info: host: 'LPLMRAMIREZT1', ip: '10.65.174.59', os.name: 'Windows 10', os.arch: 'amd64', os.version: '10.0', java.version: '1.8.0_281'&#10;Driver info: driver.version: unknown" type="net.thucydides.core.webdriver.exceptions.ElementShouldBeEnabledException">Expected enabled element was not enabled
Build info: version: '3.141.59', revision: 'e82be7d358', time: '2018-11-14T08:17:03'
System info: host: 'LPLMRAMIREZT1', ip: '10.65.174.59', os.name: 'Windows 10', os.arch: 'amd64', os.version: '10.0', java.version: '1.8.0_281'
Driver info: driver.version: unknown</failure><system-err>Expected enabled element was not enabled
Build info: version: '3.141.59', revision: 'e82be7d358', time: '2018-11-14T08:17:03'
System info: host: 'LPLMRAMIREZT1', ip: '10.65.174.59', os.name: 'Windows 10', os.arch: 'amd64', os.version: '10.0', java.version: '1.8.0_281'
Driver info: driver.version: unknown&#13;
com.AXA.ProyectoPortalDePagos.pageobjects.PagosRecurrentes.SaludMPPPageObjects.FormularioMetodoDePagoPSEDebito(SaludMPPPageObjects.java:418)&#13;
com.AXA.ProyectoPortalDePagos.steps.PagosRecurrentes.SaludMPPSteps.FormularioMetodoDePagoPSEDebito(SaludMPPSteps.java:109)&#13;
com.AXA.ProyectoPortalDePagos.definitions.PagosRecurrentes.SaludMPPDefinition.diligencio_formulario_PSE_con_Tipo_de_Persona_Banco_Email_Tipo_de_Cuenta_Account_Agency_Account_Number_Password(SaludMPPDefinition.java:141)&#13;
✽.Diligencio formulario PSE con Tipo de Persona Personas Banco 1022 Email generico1.axa@gmail.com Tipo de Cuenta Débito Account Agency 1234 Account Number 123456 Password 123456(src/test/resources/features/PagosRecurrentes/SaludMPP.feature:226)&#13;
</system-err></testcase></testsuite>